<?xml version="1.0" encoding="UTF-8"?>
<!-- Generated by org.testng.reporters.JUnitReportReporter -->
<testsuite skipped="0" hostname="Wassila-PC" name="testCases.LoginPageTest" tests="1" failures="0" timestamp="17 Oct 2020 18:48:45 GMT" time="11.994" errors="0">
  <testcase name="loginTest" time="11.994" classname="testCases.LoginPageTest"/>
</testsuite> <!-- testCases.LoginPageTest -->
